TN:
SF:src\application.ts
FN:33,(anonymous_0)
FNF:1
FNH:1
FNDA:1,(anonymous_0)
DA:1,1
DA:3,1
DA:7,1
DA:8,1
DA:9,1
DA:10,1
DA:11,1
DA:12,1
DA:13,1
DA:17,1
DA:18,1
DA:19,1
DA:20,1
DA:26,1
DA:30,1
DA:34,1
DA:37,1
DA:40,1
DA:43,1
DA:46,1
DA:48,1
DA:50,1
DA:60,1
DA:62,1
DA:64,1
DA:67,1
DA:69,1
DA:70,1
DA:74,1
DA:79,1
DA:80,1
DA:82,1
LF:32
LH:32
BRDA:33,0,0,0
BRF:1
BRH:0
end_of_record
TN:
SF:src\index.ts
FN:5,main
FN:35,(anonymous_1)
FNF:2
FNH:0
FNDA:0,main
FNDA:0,(anonymous_1)
DA:1,1
DA:3,1
DA:5,1
DA:6,0
DA:7,0
DA:8,0
DA:10,0
DA:11,0
DA:12,0
DA:14,0
DA:17,1
DA:19,0
DA:35,0
DA:36,0
DA:37,0
LF:15
LH:4
BRDA:5,0,0,0
BRDA:17,1,0,0
BRDA:17,1,1,1
BRDA:21,2,0,0
BRDA:21,2,1,0
BRDA:21,3,0,0
BRDA:21,3,1,0
BRF:7
BRH:1
end_of_record
TN:
SF:src\sequence.ts
FNF:0
FNH:0
DA:1,1
DA:3,1
LF:2
LH:2
BRF:0
BRH:0
end_of_record
TN:
SF:src\authorization\index.ts
FN:9,(anonymous_0)
FN:13,(anonymous_1)
FNF:2
FNH:0
FNDA:0,(anonymous_0)
FNDA:0,(anonymous_1)
DA:1,1
DA:4,1
DA:10,0
DA:17,0
DA:18,0
DA:19,0
DA:20,0
DA:24,0
LF:8
LH:2
BRDA:19,0,0,0
BRDA:19,0,1,0
BRDA:19,1,0,0
BRDA:19,1,1,0
BRDA:19,2,0,0
BRDA:19,2,1,0
BRDA:20,3,0,0
BRDA:20,3,1,0
BRF:8
BRH:0
end_of_record
TN:
SF:src\controllers\actors.controller.ts
FN:50,(anonymous_0)
FN:66,(anonymous_1)
FN:94,(anonymous_2)
FN:110,(anonymous_3)
FN:128,(anonymous_4)
FN:145,(anonymous_5)
FN:157,(anonymous_6)
FN:180,(anonymous_7)
FNF:8
FNH:3
FNDA:2,(anonymous_0)
FNDA:0,(anonymous_1)
FNDA:0,(anonymous_2)
FNDA:1,(anonymous_3)
FNDA:1,(anonymous_4)
FNDA:0,(anonymous_5)
FNDA:0,(anonymous_6)
FNDA:0,(anonymous_7)
DA:1,1
DA:2,1
DA:12,1
DA:13,1
DA:18,1
DA:19,1
DA:20,1
DA:21,1
DA:49,1
DA:52,2
DA:54,2
DA:56,2
DA:66,1
DA:82,0
DA:94,1
DA:95,0
DA:110,1
DA:111,1
DA:128,1
DA:129,1
DA:145,1
DA:146,0
DA:157,1
DA:166,0
DA:171,0
DA:180,1
DA:181,0
DA:187,0
DA:188,0
DA:189,0
DA:195,0
DA:198,0
LF:32
LH:21
BRDA:188,0,0,0
BRDA:188,0,1,0
BRF:2
BRH:0
end_of_record
TN:
SF:src\controllers\categories.controller.ts
FN:25,(anonymous_0)
FN:37,(anonymous_1)
FN:52,(anonymous_2)
FN:55,(anonymous_3)
FN:71,(anonymous_4)
FN:84,(anonymous_5)
FN:94,(anonymous_6)
FN:107,(anonymous_7)
FN:110,(anonymous_8)
FN:128,(anonymous_9)
FNF:10
FNH:0
FNDA:0,(anonymous_0)
FNDA:0,(anonymous_1)
FNDA:0,(anonymous_2)
FNDA:0,(anonymous_3)
FNDA:0,(anonymous_4)
FNDA:0,(anonymous_5)
FNDA:0,(anonymous_6)
FNDA:0,(anonymous_7)
FNDA:0,(anonymous_8)
FNDA:0,(anonymous_9)
DA:1,1
DA:2,1
DA:12,1
DA:13,1
DA:14,1
DA:15,1
DA:24,1
DA:27,0
DA:37,1
DA:50,0
DA:53,0
DA:56,0
DA:57,0
DA:62,0
DA:71,1
DA:72,0
DA:84,1
DA:85,0
DA:94,1
DA:105,0
DA:108,0
DA:111,0
DA:112,0
DA:117,0
DA:128,1
DA:129,0
LF:26
LH:12
BRDA:56,0,0,0
BRDA:56,0,1,0
BRDA:111,1,0,0
BRDA:111,1,1,0
BRF:4
BRH:0
end_of_record
TN:
SF:src\controllers\index.ts
FNF:0
FNH:0
DA:1,1
DA:2,1
DA:3,1
DA:4,1
DA:5,1
LF:5
LH:5
BRF:0
BRH:0
end_of_record
TN:
SF:src\controllers\movies.controller.ts
FN:56,(anonymous_0)
FN:76,(anonymous_1)
FN:113,(anonymous_2)
FN:122,(anonymous_3)
FN:143,(anonymous_4)
FN:153,(anonymous_5)
FN:169,(anonymous_6)
FN:180,(anonymous_7)
FN:192,(anonymous_8)
FN:209,(anonymous_9)
FN:224,(anonymous_10)
FN:241,(anonymous_11)
FN:278,(anonymous_12)
FN:311,(anonymous_13)
FNF:14
FNH:0
FNDA:0,(anonymous_0)
FNDA:0,(anonymous_1)
FNDA:0,(anonymous_2)
FNDA:0,(anonymous_3)
FNDA:0,(anonymous_4)
FNDA:0,(anonymous_5)
FNDA:0,(anonymous_6)
FNDA:0,(anonymous_7)
FNDA:0,(anonymous_8)
FNDA:0,(anonymous_9)
FNDA:0,(anonymous_10)
FNDA:0,(anonymous_11)
FNDA:0,(anonymous_12)
FNDA:0,(anonymous_13)
DA:1,1
DA:2,1
DA:12,1
DA:13,1
DA:20,1
DA:25,1
DA:26,1
DA:27,1
DA:55,1
DA:58,0
DA:60,0
DA:62,0
DA:64,0
DA:66,0
DA:76,1
DA:86,0
DA:87,0
DA:91,0
DA:92,0
DA:98,0
DA:113,1
DA:115,0
DA:122,1
DA:134,0
DA:135,0
DA:136,0
DA:144,0
DA:145,0
DA:146,0
DA:147,0
DA:151,0
DA:154,0
DA:162,0
DA:169,1
DA:170,0
DA:180,1
DA:181,0
DA:192,1
DA:193,0
DA:209,1
DA:210,0
DA:224,1
DA:225,0
DA:241,1
DA:243,0
DA:247,0
DA:278,1
DA:289,0
DA:290,0
DA:292,0
DA:293,0
DA:294,0
DA:300,0
DA:311,1
DA:312,0
DA:316,0
DA:317,0
DA:318,0
DA:319,0
DA:320,0
DA:322,0
DA:324,0
LF:62
LH:20
BRDA:145,0,0,0
BRDA:145,0,1,0
BRDA:317,1,0,0
BRDA:317,1,1,0
BRF:4
BRH:0
end_of_record
TN:
SF:src\controllers\reviews.controller.ts
FN:27,(anonymous_0)
FN:42,(anonymous_1)
FN:71,(anonymous_2)
FN:93,(anonymous_3)
FN:111,(anonymous_4)
FN:130,(anonymous_5)
FN:149,(anonymous_6)
FN:165,(anonymous_7)
FN:184,(anonymous_8)
FNF:9
FNH:0
FNDA:0,(anonymous_0)
FNDA:0,(anonymous_1)
FNDA:0,(anonymous_2)
FNDA:0,(anonymous_3)
FNDA:0,(anonymous_4)
FNDA:0,(anonymous_5)
FNDA:0,(anonymous_6)
FNDA:0,(anonymous_7)
FNDA:0,(anonymous_8)
DA:1,1
DA:2,1
DA:11,1
DA:12,1
DA:13,1
DA:14,1
DA:15,1
DA:16,1
DA:17,1
DA:26,1
DA:29,0
DA:32,0
DA:42,1
DA:52,0
DA:53,0
DA:57,0
DA:58,0
DA:60,0
DA:61,0
DA:71,1
DA:78,0
DA:93,1
DA:94,0
DA:111,1
DA:112,0
DA:130,1
DA:131,0
DA:149,1
DA:150,0
DA:165,1
DA:166,0
DA:184,1
DA:189,0
DA:190,0
LF:34
LH:18
BRDA:57,0,0,0
BRDA:57,0,1,0
BRF:2
BRH:0
end_of_record
TN:
SF:src\controllers\users.controller.ts
FN:58,(anonymous_0)
FN:78,(anonymous_1)
FN:91,(anonymous_2)
FN:99,(anonymous_3)
FN:118,(anonymous_4)
FN:136,(anonymous_5)
FN:149,(anonymous_6)
FN:150,(anonymous_7)
FN:164,(anonymous_8)
FN:180,(anonymous_9)
FN:191,(anonymous_10)
FN:238,(anonymous_11)
FN:244,(anonymous_12)
FN:247,(anonymous_13)
FN:264,(anonymous_14)
FN:282,(anonymous_15)
FN:300,(anonymous_16)
FN:315,(anonymous_17)
FN:328,(anonymous_18)
FN:340,(anonymous_19)
FN:353,(anonymous_20)
FN:360,(anonymous_21)
FN:378,(anonymous_22)
FNF:23
FNH:0
FNDA:0,(anonymous_0)
FNDA:0,(anonymous_1)
FNDA:0,(anonymous_2)
FNDA:0,(anonymous_3)
FNDA:0,(anonymous_4)
FNDA:0,(anonymous_5)
FNDA:0,(anonymous_6)
FNDA:0,(anonymous_7)
FNDA:0,(anonymous_8)
FNDA:0,(anonymous_9)
FNDA:0,(anonymous_10)
FNDA:0,(anonymous_11)
FNDA:0,(anonymous_12)
FNDA:0,(anonymous_13)
FNDA:0,(anonymous_14)
FNDA:0,(anonymous_15)
FNDA:0,(anonymous_16)
FNDA:0,(anonymous_17)
FNDA:0,(anonymous_18)
FNDA:0,(anonymous_19)
FNDA:0,(anonymous_20)
FNDA:0,(anonymous_21)
FNDA:0,(anonymous_22)
DA:1,1
DA:2,1
DA:12,1
DA:13,1
DA:14,1
DA:21,1
DA:22,1
DA:29,1
DA:30,1
DA:31,1
DA:32,1
DA:33,1
DA:57,1
DA:60,0
DA:61,0
DA:63,0
DA:66,0
DA:68,0
DA:70,0
DA:78,1
DA:88,0
DA:89,0
DA:92,0
DA:93,0
DA:100,0
DA:101,0
DA:106,0
DA:118,1
DA:128,0
DA:136,1
DA:146,0
DA:147,0
DA:149,0
DA:151,0
DA:155,0
DA:156,0
DA:165,0
DA:166,0
DA:168,0
DA:170,0
DA:171,0
DA:172,0
DA:176,0
DA:177,0
DA:178,0
DA:180,0
DA:183,0
DA:191,1
DA:201,0
DA:205,0
DA:207,0
DA:208,0
DA:209,0
DA:214,0
DA:216,0
DA:238,1
DA:242,0
DA:245,0
DA:248,0
DA:264,1
DA:265,0
DA:282,1
DA:283,0
DA:300,1
DA:301,0
DA:315,1
DA:316,0
DA:328,1
DA:329,0
DA:340,1
DA:351,0
DA:354,0
DA:361,0
DA:362,0
DA:367,0
DA:378,1
DA:379,0
DA:380,0
DA:381,0
LF:79
LH:25
BRDA:100,0,0,0
BRDA:100,0,1,0
BRDA:151,1,0,0
BRDA:151,1,1,0
BRDA:152,2,0,0
BRDA:152,2,1,0
BRDA:176,3,0,0
BRDA:176,3,1,0
BRDA:207,4,0,0
BRDA:207,4,1,0
BRDA:361,5,0,0
BRDA:361,5,1,0
BRF:12
BRH:0
end_of_record
TN:
SF:src\datasources\index.ts
FNF:0
FNH:0
DA:1,1
LF:1
LH:1
BRF:0
BRH:0
end_of_record
TN:
SF:src\datasources\mongo-db.datasource.ts
FN:26,(anonymous_0)
FNF:1
FNH:1
FNDA:2,(anonymous_0)
DA:1,1
DA:2,1
DA:4,1
DA:21,1
DA:23,1
DA:24,1
DA:30,2
LF:7
LH:7
BRDA:28,0,0,2
BRF:1
BRH:1
end_of_record
TN:
SF:src\models\actors.model.ts
FN:47,(anonymous_0)
FN:44,(anonymous_1)
FN:44,(anonymous_2)
FNF:3
FNH:2
FNDA:4,(anonymous_0)
FNDA:1,(anonymous_1)
FNDA:0,(anonymous_2)
DA:1,1
DA:2,1
DA:3,1
DA:6,1
DA:12,1
DA:18,1
DA:24,1
DA:30,1
DA:36,1
DA:42,1
DA:44,1
DA:45,1
DA:48,4
LF:13
LH:13
BRF:0
BRH:0
end_of_record
TN:
SF:src\models\categories.model.ts
FN:19,(anonymous_0)
FNF:1
FNH:0
FNDA:0,(anonymous_0)
DA:1,1
DA:4,1
DA:10,1
DA:17,1
DA:20,0
LF:5
LH:4
BRF:0
BRH:0
end_of_record
TN:
SF:src\models\index.ts
FNF:0
FNH:0
DA:1,1
DA:2,1
DA:3,1
DA:4,1
DA:5,1
DA:6,1
DA:7,1
DA:8,1
LF:8
LH:8
BRF:0
BRH:0
end_of_record
TN:
SF:src\models\links.model.ts
FN:28,(anonymous_0)
FNF:1
FNH:0
FNDA:0,(anonymous_0)
DA:1,1
DA:4,1
DA:10,1
DA:16,1
DA:21,1
DA:26,1
DA:29,0
LF:7
LH:6
BRF:0
BRH:0
end_of_record
TN:
SF:src\models\movie-actor.model.ts
FN:22,(anonymous_0)
FNF:1
FNH:0
FNDA:0,(anonymous_0)
DA:1,1
DA:4,1
DA:10,1
DA:15,1
DA:20,1
DA:23,0
LF:6
LH:5
BRF:0
BRH:0
end_of_record
TN:
SF:src\models\movies.model.ts
FN:73,(anonymous_0)
FN:50,(anonymous_1)
FN:65,(anonymous_2)
FN:66,(anonymous_3)
FN:70,(anonymous_4)
FNF:5
FNH:2
FNDA:0,(anonymous_0)
FNDA:0,(anonymous_1)
FNDA:1,(anonymous_2)
FNDA:0,(anonymous_3)
FNDA:1,(anonymous_4)
DA:1,1
DA:7,1
DA:8,1
DA:9,1
DA:12,1
DA:18,1
DA:24,1
DA:30,1
DA:36,1
DA:41,1
DA:46,1
DA:50,0
DA:52,1
DA:58,1
DA:63,1
DA:65,1
DA:66,0
DA:68,1
DA:70,1
DA:71,1
DA:74,0
LF:21
LH:18
BRF:0
BRH:0
end_of_record
TN:
SF:src\models\reviews.model.ts
FN:45,(anonymous_0)
FN:29,(anonymous_1)
FN:39,(anonymous_2)
FN:42,(anonymous_3)
FNF:4
FNH:2
FNDA:0,(anonymous_0)
FNDA:0,(anonymous_1)
FNDA:1,(anonymous_2)
FNDA:1,(anonymous_3)
DA:1,1
DA:2,1
DA:3,1
DA:6,1
DA:12,1
DA:18,1
DA:24,1
DA:29,0
DA:31,1
DA:37,1
DA:39,1
DA:40,1
DA:42,1
DA:43,1
DA:46,0
LF:15
LH:13
BRF:0
BRH:0
end_of_record
TN:
SF:src\models\user-credentials.model.ts
FN:23,(anonymous_0)
FNF:1
FNH:0
FNDA:0,(anonymous_0)
DA:1,1
DA:4,1
DA:10,1
DA:16,1
DA:21,1
DA:24,0
LF:6
LH:5
BRF:0
BRH:0
end_of_record
TN:
SF:src\models\users.model.ts
FN:58,(anonymous_0)
FN:52,(anonymous_1)
FN:55,(anonymous_2)
FNF:3
FNH:2
FNDA:0,(anonymous_0)
FNDA:1,(anonymous_1)
FNDA:1,(anonymous_2)
DA:1,1
DA:2,1
DA:3,1
DA:6,1
DA:12,1
DA:19,1
DA:26,1
DA:32,1
DA:38,1
DA:44,1
DA:50,1
DA:52,1
DA:53,1
DA:55,1
DA:56,1
DA:59,0
LF:16
LH:15
BRF:0
BRH:0
end_of_record
TN:
SF:src\repositories\actors.repository.ts
FN:24,(anonymous_0)
FNF:1
FNH:0
FNDA:0,(anonymous_0)
DA:1,1
DA:2,1
DA:7,1
DA:8,1
DA:12,1
DA:27,0
DA:29,0
DA:31,0
DA:32,0
DA:37,0
LF:10
LH:5
BRF:0
BRH:0
end_of_record
TN:
SF:src\repositories\categories.repository.ts
FN:11,(anonymous_0)
FNF:1
FNH:0
FNDA:0,(anonymous_0)
DA:1,1
DA:2,1
DA:3,1
DA:4,1
DA:6,1
DA:14,0
LF:6
LH:5
BRF:0
BRH:0
end_of_record
TN:
SF:src\repositories\index.ts
FNF:0
FNH:0
DA:1,1
DA:2,1
DA:3,1
DA:4,1
DA:5,1
DA:6,1
DA:7,1
DA:8,1
LF:8
LH:8
BRF:0
BRH:0
end_of_record
TN:
SF:src\repositories\links.repository.ts
FN:11,(anonymous_0)
FNF:1
FNH:0
FNDA:0,(anonymous_0)
DA:1,1
DA:2,1
DA:3,1
DA:4,1
DA:6,1
DA:14,0
LF:6
LH:5
BRF:0
BRH:0
end_of_record
TN:
SF:src\repositories\movie-actor.repository.ts
FN:11,(anonymous_0)
FNF:1
FNH:0
FNDA:0,(anonymous_0)
DA:1,1
DA:2,1
DA:3,1
DA:4,1
DA:6,1
DA:14,0
LF:6
LH:5
BRF:0
BRH:0
end_of_record
TN:
SF:src\repositories\movies.repository.ts
FN:37,(anonymous_0)
FNF:1
FNH:0
FNDA:0,(anonymous_0)
DA:1,1
DA:2,1
DA:8,1
DA:9,1
DA:20,1
DA:40,0
DA:42,0
DA:44,0
DA:46,0
DA:47,0
DA:51,0
DA:55,0
DA:60,0
LF:13
LH:5
BRF:0
BRH:0
end_of_record
TN:
SF:src\repositories\reviews.repository.ts
FN:18,(anonymous_0)
FNF:1
FNH:0
FNDA:0,(anonymous_0)
DA:1,1
DA:2,1
DA:3,1
DA:4,1
DA:8,1
DA:19,0
DA:21,0
DA:22,0
DA:23,0
DA:24,0
DA:25,0
LF:11
LH:5
BRF:0
BRH:0
end_of_record
TN:
SF:src\repositories\user-credentials.repository.ts
FN:11,(anonymous_0)
FNF:1
FNH:0
FNDA:0,(anonymous_0)
DA:1,1
DA:2,1
DA:3,1
DA:4,1
DA:6,1
DA:14,0
LF:6
LH:5
BRF:0
BRH:0
end_of_record
TN:
SF:src\repositories\users.repository.ts
FN:18,(anonymous_0)
FN:29,(anonymous_1)
FN:34,(anonymous_2)
FNF:3
FNH:0
FNDA:0,(anonymous_0)
FNDA:0,(anonymous_1)
FNDA:0,(anonymous_2)
DA:1,1
DA:2,1
DA:3,1
DA:4,1
DA:8,1
DA:20,0
DA:22,0
DA:23,0
DA:24,0
DA:25,0
DA:26,0
DA:32,0
DA:35,0
DA:36,0
LF:14
LH:5
BRDA:35,0,0,0
BRDA:35,0,1,0
BRF:2
BRH:0
end_of_record
TN:
SF:src\schemas\actors.schema.ts
FNF:0
FNH:0
DA:3,1
LF:1
LH:1
BRF:0
BRH:0
end_of_record
TN:
SF:src\schemas\index.ts
FNF:0
FNH:0
DA:1,1
DA:2,1
DA:3,1
DA:4,1
LF:4
LH:4
BRF:0
BRH:0
end_of_record
TN:
SF:src\schemas\movies.schema.ts
FNF:0
FNH:0
DA:3,1
DA:19,1
DA:36,1
LF:3
LH:3
BRF:0
BRH:0
end_of_record
TN:
SF:src\schemas\reviews.schema.ts
FNF:0
FNH:0
DA:3,1
DA:12,1
LF:2
LH:2
BRF:0
BRH:0
end_of_record
TN:
SF:src\schemas\users.schema.ts
FNF:0
FNH:0
DA:3,1
DA:15,1
DA:25,1
DA:34,1
DA:46,1
LF:5
LH:5
BRF:0
BRH:0
end_of_record
TN:
SF:src\services\user.service.ts
FN:24,(anonymous_0)
FN:28,(anonymous_1)
FN:76,(anonymous_2)
FN:86,(anonymous_3)
FNF:4
FNH:0
FNDA:0,(anonymous_0)
FNDA:0,(anonymous_1)
FNDA:0,(anonymous_2)
FNDA:0,(anonymous_3)
DA:7,1
DA:8,1
DA:9,1
DA:10,1
DA:12,1
DA:23,1
DA:25,0
DA:29,0
DA:31,0
DA:35,0
DA:36,0
DA:37,0
DA:42,0
DA:43,0
DA:48,0
DA:49,0
DA:54,0
DA:57,0
DA:60,0
DA:61,0
DA:64,0
DA:69,0
DA:70,0
DA:73,0
DA:77,0
DA:87,0
DA:88,0
DA:90,0
DA:91,0
DA:93,0
LF:30
LH:6
BRDA:35,0,0,0
BRDA:35,0,1,0
BRDA:36,1,0,0
BRDA:36,1,1,0
BRDA:36,2,0,0
BRDA:36,2,1,0
BRDA:36,3,0,0
BRDA:36,3,1,0
BRDA:42,4,0,0
BRDA:42,4,1,0
BRDA:42,5,0,0
BRDA:42,5,1,0
BRDA:42,6,0,0
BRDA:42,6,1,0
BRDA:42,7,0,0
BRDA:42,7,1,0
BRDA:42,8,0,0
BRDA:42,8,1,0
BRDA:42,9,0,0
BRDA:42,9,1,0
BRDA:48,10,0,0
BRDA:48,10,1,0
BRDA:48,11,0,0
BRDA:48,11,1,0
BRDA:48,12,0,0
BRDA:48,12,1,0
BRDA:60,13,0,0
BRDA:60,13,1,0
BRDA:69,14,0,0
BRDA:69,14,1,0
BRDA:90,15,0,0
BRDA:90,15,1,0
BRF:32
BRH:0
end_of_record
